
The following have been reloaded with a version change:
  1) cpu/0.17.3b => cpu/0.15.4

2023-09-28 16:36:34,580 INFO impl.MetricsConfig: Loaded properties from hadoop-metrics2.properties
2023-09-28 16:36:34,649 INFO impl.MetricsSystemImpl: Scheduled Metric snapshot period at 10 second(s).
2023-09-28 16:36:34,649 INFO impl.MetricsSystemImpl: JobTracker metrics system started
2023-09-28 16:36:34,707 WARN mapreduce.JobResourceUploader: Hadoop command-line option parsing not performed. Implement the Tool interface and execute your application with ToolRunner to remedy this.
2023-09-28 16:36:34,791 INFO input.FileInputFormat: Total input files to process : 1
2023-09-28 16:36:34,815 INFO input.FileInputFormat: Total input files to process : 1
2023-09-28 16:36:34,823 INFO mapreduce.JobSubmitter: number of splits:2
2023-09-28 16:36:34,959 INFO mapreduce.JobSubmitter: Submitting tokens for job: job_local2074714025_0001
2023-09-28 16:36:34,959 INFO mapreduce.JobSubmitter: Executing with tokens: []
2023-09-28 16:36:35,048 INFO mapreduce.Job: The url to track the job: http://localhost:8080/
2023-09-28 16:36:35,051 INFO mapreduce.Job: Running job: job_local2074714025_0001
2023-09-28 16:36:35,056 INFO mapred.LocalJobRunner: OutputCommitter set in config null
2023-09-28 16:36:35,064 INFO output.FileOutputCommitter: File Output Committer Algorithm version is 2
2023-09-28 16:36:35,064 INFO output.FileOutputCommitter: FileOutputCommitter skip cleanup _temporary folders under output directory:false, ignore cleanup failures: false
2023-09-28 16:36:35,064 INFO mapred.LocalJobRunner: OutputCommitter is org.apache.hadoop.mapreduce.lib.output.FileOutputCommitter
2023-09-28 16:36:35,135 INFO mapred.LocalJobRunner: Waiting for map tasks
2023-09-28 16:36:35,135 INFO mapred.LocalJobRunner: Starting task: attempt_local2074714025_0001_m_000000_0
2023-09-28 16:36:35,157 INFO output.FileOutputCommitter: File Output Committer Algorithm version is 2
2023-09-28 16:36:35,157 INFO output.FileOutputCommitter: FileOutputCommitter skip cleanup _temporary folders under output directory:false, ignore cleanup failures: false
2023-09-28 16:36:35,180 INFO mapred.Task:  Using ResourceCalculatorProcessTree : [ ]
2023-09-28 16:36:35,183 INFO mapred.MapTask: Processing split: file:/home/sgaruda/project2/small-ratings.txt:0+285
2023-09-28 16:36:35,202 INFO mapred.MapTask: (EQUATOR) 0 kvi 26214396(104857584)
2023-09-28 16:36:35,202 INFO mapred.MapTask: mapreduce.task.io.sort.mb: 100
2023-09-28 16:36:35,202 INFO mapred.MapTask: soft limit at 83886080
2023-09-28 16:36:35,202 INFO mapred.MapTask: bufstart = 0; bufvoid = 104857600
2023-09-28 16:36:35,202 INFO mapred.MapTask: kvstart = 26214396; length = 6553600
2023-09-28 16:36:35,206 INFO mapred.MapTask: Map output collector class = org.apache.hadoop.mapred.MapTask$MapOutputBuffer
2023-09-28 16:36:35,214 INFO mapred.LocalJobRunner: 
2023-09-28 16:36:35,214 INFO mapred.MapTask: Starting flush of map output
2023-09-28 16:36:35,214 INFO mapred.MapTask: Spilling map output
2023-09-28 16:36:35,214 INFO mapred.MapTask: bufstart = 0; bufend = 210; bufvoid = 104857600
2023-09-28 16:36:35,214 INFO mapred.MapTask: kvstart = 26214396(104857584); kvend = 26214340(104857360); length = 57/6553600
2023-09-28 16:36:35,218 INFO mapred.MapTask: Finished spill 0
2023-09-28 16:36:35,225 INFO mapred.Task: Task:attempt_local2074714025_0001_m_000000_0 is done. And is in the process of committing
2023-09-28 16:36:35,226 INFO mapred.LocalJobRunner: map
2023-09-28 16:36:35,226 INFO mapred.Task: Task 'attempt_local2074714025_0001_m_000000_0' done.
2023-09-28 16:36:35,231 INFO mapred.Task: Final Counters for attempt_local2074714025_0001_m_000000_0: Counters: 17
	File System Counters
		FILE: Number of bytes read=8102
		FILE: Number of bytes written=553498
		FILE: Number of read operations=0
		FILE: Number of large read operations=0
		FILE: Number of write operations=0
	Map-Reduce Framework
		Map input records=15
		Map output records=15
		Map output bytes=210
		Map output materialized bytes=246
		Input split bytes=240
		Combine input records=0
		Spilled Records=15
		Failed Shuffles=0
		Merged Map outputs=0
		GC time elapsed (ms)=0
		Total committed heap usage (bytes)=2147483648
	File Input Format Counters 
		Bytes Read=0
2023-09-28 16:36:35,231 INFO mapred.LocalJobRunner: Finishing task: attempt_local2074714025_0001_m_000000_0
2023-09-28 16:36:35,232 INFO mapred.LocalJobRunner: Starting task: attempt_local2074714025_0001_m_000001_0
2023-09-28 16:36:35,233 INFO output.FileOutputCommitter: File Output Committer Algorithm version is 2
2023-09-28 16:36:35,233 INFO output.FileOutputCommitter: FileOutputCommitter skip cleanup _temporary folders under output directory:false, ignore cleanup failures: false
2023-09-28 16:36:35,233 INFO mapred.Task:  Using ResourceCalculatorProcessTree : [ ]
2023-09-28 16:36:35,234 INFO mapred.MapTask: Processing split: file:/home/sgaruda/project2/small-titles.txt:0+201
2023-09-28 16:36:35,245 INFO mapred.MapTask: (EQUATOR) 0 kvi 26214396(104857584)
2023-09-28 16:36:35,245 INFO mapred.MapTask: mapreduce.task.io.sort.mb: 100
2023-09-28 16:36:35,245 INFO mapred.MapTask: soft limit at 83886080
2023-09-28 16:36:35,245 INFO mapred.MapTask: bufstart = 0; bufvoid = 104857600
2023-09-28 16:36:35,245 INFO mapred.MapTask: kvstart = 26214396; length = 6553600
2023-09-28 16:36:35,246 INFO mapred.MapTask: Map output collector class = org.apache.hadoop.mapred.MapTask$MapOutputBuffer
2023-09-28 16:36:35,249 INFO mapred.LocalJobRunner: 
2023-09-28 16:36:35,249 INFO mapred.MapTask: Starting flush of map output
2023-09-28 16:36:35,249 INFO mapred.MapTask: Spilling map output
2023-09-28 16:36:35,249 INFO mapred.MapTask: bufstart = 0; bufend = 246; bufvoid = 104857600
2023-09-28 16:36:35,249 INFO mapred.MapTask: kvstart = 26214396(104857584); kvend = 26214380(104857520); length = 17/6553600
2023-09-28 16:36:35,250 INFO mapred.MapTask: Finished spill 0
2023-09-28 16:36:35,252 INFO mapred.Task: Task:attempt_local2074714025_0001_m_000001_0 is done. And is in the process of committing
2023-09-28 16:36:35,253 INFO mapred.LocalJobRunner: map
2023-09-28 16:36:35,253 INFO mapred.Task: Task 'attempt_local2074714025_0001_m_000001_0' done.
2023-09-28 16:36:35,253 INFO mapred.Task: Final Counters for attempt_local2074714025_0001_m_000001_0: Counters: 17
	File System Counters
		FILE: Number of bytes read=8800
		FILE: Number of bytes written=553792
		FILE: Number of read operations=0
		FILE: Number of large read operations=0
		FILE: Number of write operations=0
	Map-Reduce Framework
		Map input records=5
		Map output records=5
		Map output bytes=246
		Map output materialized bytes=262
		Input split bytes=238
		Combine input records=0
		Spilled Records=5
		Failed Shuffles=0
		Merged Map outputs=0
		GC time elapsed (ms)=0
		Total committed heap usage (bytes)=2147483648
	File Input Format Counters 
		Bytes Read=0
2023-09-28 16:36:35,253 INFO mapred.LocalJobRunner: Finishing task: attempt_local2074714025_0001_m_000001_0
2023-09-28 16:36:35,254 INFO mapred.LocalJobRunner: map task executor complete.
2023-09-28 16:36:35,256 INFO mapred.LocalJobRunner: Waiting for reduce tasks
2023-09-28 16:36:35,256 INFO mapred.LocalJobRunner: Starting task: attempt_local2074714025_0001_r_000000_0
2023-09-28 16:36:35,263 INFO output.FileOutputCommitter: File Output Committer Algorithm version is 2
2023-09-28 16:36:35,263 INFO output.FileOutputCommitter: FileOutputCommitter skip cleanup _temporary folders under output directory:false, ignore cleanup failures: false
2023-09-28 16:36:35,264 INFO mapred.Task:  Using ResourceCalculatorProcessTree : [ ]
2023-09-28 16:36:35,265 INFO mapred.ReduceTask: Using ShuffleConsumerPlugin: org.apache.hadoop.mapreduce.task.reduce.Shuffle@53fa34cd
2023-09-28 16:36:35,266 WARN impl.MetricsSystemImpl: JobTracker metrics system already initialized!
2023-09-28 16:36:35,279 INFO reduce.MergeManagerImpl: The max number of bytes for a single in-memory shuffle cannot be larger than Integer.MAX_VALUE. Setting it to Integer.MAX_VALUE
2023-09-28 16:36:35,279 INFO reduce.MergeManagerImpl: MergerManager: memoryLimit=22525089792, maxSingleShuffleLimit=2147483647, mergeThreshold=14866560000, ioSortFactor=10, memToMemMergeOutputsThreshold=10
2023-09-28 16:36:35,280 INFO reduce.EventFetcher: attempt_local2074714025_0001_r_000000_0 Thread started: EventFetcher for fetching Map Completion Events
2023-09-28 16:36:35,299 INFO reduce.LocalFetcher: localfetcher#1 about to shuffle output of map attempt_local2074714025_0001_m_000000_0 decomp: 242 len: 246 to MEMORY
2023-09-28 16:36:35,302 INFO reduce.InMemoryMapOutput: Read 242 bytes from map-output for attempt_local2074714025_0001_m_000000_0
2023-09-28 16:36:35,303 INFO reduce.MergeManagerImpl: closeInMemoryFile -> map-output of size: 242, inMemoryMapOutputs.size() -> 1, commitMemory -> 0, usedMemory ->242
2023-09-28 16:36:35,306 INFO reduce.LocalFetcher: localfetcher#1 about to shuffle output of map attempt_local2074714025_0001_m_000001_0 decomp: 258 len: 262 to MEMORY
2023-09-28 16:36:35,306 INFO reduce.InMemoryMapOutput: Read 258 bytes from map-output for attempt_local2074714025_0001_m_000001_0
2023-09-28 16:36:35,306 INFO reduce.MergeManagerImpl: closeInMemoryFile -> map-output of size: 258, inMemoryMapOutputs.size() -> 2, commitMemory -> 242, usedMemory ->500
2023-09-28 16:36:35,306 INFO reduce.EventFetcher: EventFetcher is interrupted.. Returning
2023-09-28 16:36:35,307 INFO mapred.LocalJobRunner: 2 / 2 copied.
2023-09-28 16:36:35,307 INFO reduce.MergeManagerImpl: finalMerge called with 2 in-memory map-outputs and 0 on-disk map-outputs
2023-09-28 16:36:35,311 INFO mapred.Merger: Merging 2 sorted segments
2023-09-28 16:36:35,311 INFO mapred.Merger: Down to the last merge-pass, with 2 segments left of total size: 488 bytes
2023-09-28 16:36:35,312 INFO reduce.MergeManagerImpl: Merged 2 segments, 500 bytes to disk to satisfy reduce memory limit
2023-09-28 16:36:35,312 INFO reduce.MergeManagerImpl: Merging 1 files, 502 bytes from disk
2023-09-28 16:36:35,312 INFO reduce.MergeManagerImpl: Merging 0 segments, 0 bytes from memory into reduce
2023-09-28 16:36:35,312 INFO mapred.Merger: Merging 1 sorted segments
2023-09-28 16:36:35,313 INFO mapred.Merger: Down to the last merge-pass, with 1 segments left of total size: 492 bytes
2023-09-28 16:36:35,313 INFO mapred.LocalJobRunner: 2 / 2 copied.
2023-09-28 16:36:35,365 INFO Configuration.deprecation: mapred.skip.on is deprecated. Instead, use mapreduce.job.skiprecords
2023-09-28 16:36:35,394 INFO mapred.Task: Task:attempt_local2074714025_0001_r_000000_0 is done. And is in the process of committing
2023-09-28 16:36:35,395 INFO mapred.LocalJobRunner: 2 / 2 copied.
2023-09-28 16:36:35,395 INFO mapred.Task: Task attempt_local2074714025_0001_r_000000_0 is allowed to commit now
2023-09-28 16:36:35,412 INFO output.FileOutputCommitter: Saved output of task 'attempt_local2074714025_0001_r_000000_0' to file:/home/sgaruda/project2/output
2023-09-28 16:36:35,413 INFO mapred.LocalJobRunner: reduce > reduce
2023-09-28 16:36:35,413 INFO mapred.Task: Task 'attempt_local2074714025_0001_r_000000_0' done.
2023-09-28 16:36:35,413 INFO mapred.Task: Final Counters for attempt_local2074714025_0001_r_000000_0: Counters: 24
	File System Counters
		FILE: Number of bytes read=9874
		FILE: Number of bytes written=554447
		FILE: Number of read operations=0
		FILE: Number of large read operations=0
		FILE: Number of write operations=0
	Map-Reduce Framework
		Combine input records=0
		Combine output records=0
		Reduce input groups=5
		Reduce shuffle bytes=508
		Reduce input records=20
		Reduce output records=3
		Spilled Records=20
		Shuffled Maps =2
		Failed Shuffles=0
		Merged Map outputs=2
		GC time elapsed (ms)=0
		Total committed heap usage (bytes)=2147483648
	Shuffle Errors
		BAD_ID=0
		CONNECTION=0
		IO_ERROR=0
		WRONG_LENGTH=0
		WRONG_MAP=0
		WRONG_REDUCE=0
	File Output Format Counters 
		Bytes Written=153
2023-09-28 16:36:35,413 INFO mapred.LocalJobRunner: Finishing task: attempt_local2074714025_0001_r_000000_0
2023-09-28 16:36:35,414 INFO mapred.LocalJobRunner: reduce task executor complete.
2023-09-28 16:36:36,060 INFO mapreduce.Job: Job job_local2074714025_0001 running in uber mode : false
2023-09-28 16:36:36,060 INFO mapreduce.Job:  map 100% reduce 100%
2023-09-28 16:36:36,061 INFO mapreduce.Job: Job job_local2074714025_0001 completed successfully
2023-09-28 16:36:36,068 INFO mapreduce.Job: Counters: 30
	File System Counters
		FILE: Number of bytes read=26776
		FILE: Number of bytes written=1661737
		FILE: Number of read operations=0
		FILE: Number of large read operations=0
		FILE: Number of write operations=0
	Map-Reduce Framework
		Map input records=20
		Map output records=20
		Map output bytes=456
		Map output materialized bytes=508
		Input split bytes=478
		Combine input records=0
		Combine output records=0
		Reduce input groups=5
		Reduce shuffle bytes=508
		Reduce input records=20
		Reduce output records=3
		Spilled Records=40
		Shuffled Maps =2
		Failed Shuffles=0
		Merged Map outputs=2
		GC time elapsed (ms)=0
		Total committed heap usage (bytes)=6442450944
	Shuffle Errors
		BAD_ID=0
		CONNECTION=0
		IO_ERROR=0
		WRONG_LENGTH=0
		WRONG_MAP=0
		WRONG_REDUCE=0
	File Input Format Counters 
		Bytes Read=0
	File Output Format Counters 
		Bytes Written=153
